Starting tick #0
Call from Andrew a gold member
Call from Chris a regular member
Call from Brian a silver member
Answering call from Andrew
Starting tick #1
Starting tick #2
Answering call from Brian
Starting tick #3
Starting tick #4
Starting tick #5
Starting tick #6
Starting tick #7
Starting tick #8
Starting tick #9
Starting tick #10
Call from aaa a platinum member
Call from bbb a gold member
Starting tick #11
Starting tick #12
Answering call from aaa
Starting tick #13
Starting tick #14
Call from ccc a regular member
Starting tick #15
Starting tick #16
Starting tick #17
Starting tick #18
Starting tick #19
Starting tick #20
Starting tick #21
Starting tick #22
Starting tick #23
Starting tick #24
Starting tick #25
Starting tick #26
Starting tick #27
Starting tick #28
Starting tick #29
Starting tick #30
Starting tick #31
Starting tick #32
Starting tick #33
Starting tick #34
Starting tick #35
Starting tick #36
Starting tick #37
Starting tick #38
Starting tick #39
Starting tick #40
Starting tick #41
Starting tick #42
Starting tick #43
Starting tick #44
Starting tick #45
Starting tick #46
Starting tick #47
Starting tick #48
Starting tick #49
Starting tick #50
Starting tick #51
Starting tick #52
Starting tick #53
Starting tick #54
Starting tick #55
Starting tick #56
Starting tick #57
Starting tick #58
Starting tick #59
Starting tick #60
Starting tick #61
Starting tick #62
Starting tick #63
Starting tick #64
Starting tick #65
Starting tick #66
Starting tick #67
Starting tick #68
Starting tick #69
Starting tick #70
Starting tick #71
Starting tick #72
Starting tick #73
Starting tick #74
Starting tick #75
Starting tick #76
Starting tick #77
Starting tick #78
Starting tick #79
Starting tick #80
Starting tick #81
Starting tick #82
Starting tick #83
Starting tick #84
Starting tick #85
Starting tick #86
Starting tick #87
Starting tick #88
Starting tick #89
Starting tick #90
Starting tick #91
Starting tick #92
Starting tick #93
Starting tick #94
Starting tick #95
Starting tick #96
Starting tick #97
Starting tick #98
Starting tick #99
Starting tick #100
Call from ddd a silver member
Starting tick #101
Starting tick #102
Starting tick #103
Starting tick #104
Starting tick #105
Call from eee a platinum member
Starting tick #106
Starting tick #107
Starting tick #108
Starting tick #109
Starting tick #110
Starting tick #111
Starting tick #112
Answering call from eee
Starting tick #113
Starting tick #114
Starting tick #115
Starting tick #116
Starting tick #117
Starting tick #118
Starting tick #119
Starting tick #120
Starting tick #121
Starting tick #122
Starting tick #123
Starting tick #124
Starting tick #125
Starting tick #126
Starting tick #127
Starting tick #128
Starting tick #129
Starting tick #130
Starting tick #131
Starting tick #132
Starting tick #133
Starting tick #134
Starting tick #135
Starting tick #136
Starting tick #137
Starting tick #138
Starting tick #139
Starting tick #140
Starting tick #141
Starting tick #142
Starting tick #143
Starting tick #144
Starting tick #145
Starting tick #146
Starting tick #147
Starting tick #148
Starting tick #149
Starting tick #150
Starting tick #151
Starting tick #152
Answering call from bbb
Starting tick #153
Starting tick #154
Starting tick #155
Starting tick #156
Starting tick #157
Starting tick #158
Starting tick #159
Starting tick #160
Starting tick #161
Starting tick #162
Starting tick #163
Starting tick #164
Starting tick #165
Starting tick #166
Starting tick #167
Starting tick #168
Starting tick #169
Starting tick #170
Starting tick #171
Starting tick #172
Starting tick #173
Starting tick #174
Starting tick #175
Starting tick #176
Starting tick #177
Starting tick #178
Starting tick #179
Starting tick #180
Starting tick #181
Starting tick #182
Starting tick #183
Starting tick #184
Starting tick #185
Starting tick #186
Starting tick #187
Starting tick #188
Starting tick #189
Starting tick #190
Starting tick #191
Starting tick #192
Starting tick #193
Starting tick #194
Starting tick #195
Starting tick #196
Starting tick #197
Starting tick #198
Starting tick #199
Starting tick #200
Starting tick #201
Starting tick #202
Answering call from ddd
Starting tick #203
Starting tick #204
Starting tick #205
Starting tick #206
Starting tick #207
Starting tick #208
Starting tick #209
Starting tick #210
Starting tick #211
Starting tick #212
Starting tick #213
Starting tick #214
Starting tick #215
Starting tick #216
Starting tick #217
Starting tick #218
Starting tick #219
Starting tick #220
Starting tick #221
Starting tick #222
Starting tick #223
Starting tick #224
Starting tick #225
Starting tick #226
Starting tick #227
Starting tick #228
Starting tick #229
Starting tick #230
Starting tick #231
Starting tick #232
Answering call from Chris
Starting tick #233
Answering call from ccc
Starting tick #234
Starting tick #235
Starting tick #236
Starting tick #237
Starting tick #238
Starting tick #239
Starting tick #240
Starting tick #241
Starting tick #242
Starting tick #243
Starting tick #244
Starting tick #245
Starting tick #246
Starting tick #247
Starting tick #248
Starting tick #249
Starting tick #250
Starting tick #251
Starting tick #252
Starting tick #253
Starting tick #254
Starting tick #255
Starting tick #256
Starting tick #257
Starting tick #258
Starting tick #259
Starting tick #260
Starting tick #261
Starting tick #262
Starting tick #263
Starting tick #264
Starting tick #265
Starting tick #266
Starting tick #267
Starting tick #268
Starting tick #269
Starting tick #270
Starting tick #271
Starting tick #272
Starting tick #273
Starting tick #274
Starting tick #275
Starting tick #276
Starting tick #277
Starting tick #278
Starting tick #279
Starting tick #280
Starting tick #281
Starting tick #282
Starting tick #283
Starting tick #284
Starting tick #285
Starting tick #286
Starting tick #287
Starting tick #288
Starting tick #289
Starting tick #290
Starting tick #291
Starting tick #292
Starting tick #293
Starting tick #294
Starting tick #295
Starting tick #296
Starting tick #297
Starting tick #298
Starting tick #299
Starting tick #300
Starting tick #301
Starting tick #302
Starting tick #303
Starting tick #304
Starting tick #305
Starting tick #306
Starting tick #307
Starting tick #308
Starting tick #309
Starting tick #310
Starting tick #311
Starting tick #312
Starting tick #313
Starting tick #314
Starting tick #315
Starting tick #316
Starting tick #317
Starting tick #318
Starting tick #319
Starting tick #320
Starting tick #321
Starting tick #322
Starting tick #323
Starting tick #324
Starting tick #325
Starting tick #326
Starting tick #327
Starting tick #328
Starting tick #329
Starting tick #330
Starting tick #331
Starting tick #332
Starting tick #333
Starting tick #334
Starting tick #335
Starting tick #336
Starting tick #337
Starting tick #338
Starting tick #339
Starting tick #340
Starting tick #341
Starting tick #342
Starting tick #343
Starting tick #344
Starting tick #345
Starting tick #346
Starting tick #347
Starting tick #348
Starting tick #349
Starting tick #350
Starting tick #351
Starting tick #352
Starting tick #353
Starting tick #354
Starting tick #355
Starting tick #356
Starting tick #357
Starting tick #358
Starting tick #359
Starting tick #360
Starting tick #361
Starting tick #362
Starting tick #363
Starting tick #364
Starting tick #365
Starting tick #366
Starting tick #367
Starting tick #368
Starting tick #369
Starting tick #370
Starting tick #371
Starting tick #372
Starting tick #373
Starting tick #374
Starting tick #375
Starting tick #376
Starting tick #377
Starting tick #378
Starting tick #379
Starting tick #380
Starting tick #381
Starting tick #382
Starting tick #383
Starting tick #384
Starting tick #385
Starting tick #386
Starting tick #387
Starting tick #388
Starting tick #389
Starting tick #390
Starting tick #391
Starting tick #392
Starting tick #393
Starting tick #394
Starting tick #395
Starting tick #396
Starting tick #397
Starting tick #398
Starting tick #399
Starting tick #400
Starting tick #401
Starting tick #402
Starting tick #403
Starting tick #404
Starting tick #405
Starting tick #406
Starting tick #407
Starting tick #408
Starting tick #409
Starting tick #410
Starting tick #411
Starting tick #412
Starting tick #413
Starting tick #414
Starting tick #415
Starting tick #416
Starting tick #417
Starting tick #418
Starting tick #419
Starting tick #420
Starting tick #421
Starting tick #422
Starting tick #423
Starting tick #424
Starting tick #425
Starting tick #426
Starting tick #427
Starting tick #428
Starting tick #429
Starting tick #430
Starting tick #431
Starting tick #432
Starting tick #433
Starting tick #434
Starting tick #435
Starting tick #436
Starting tick #437
Starting tick #438
Starting tick #439
Starting tick #440
Starting tick #441
Starting tick #442
Starting tick #443
Starting tick #444
Starting tick #445
Starting tick #446
Starting tick #447
Starting tick #448
Starting tick #449
Starting tick #450
Starting tick #451
Starting tick #452
Starting tick #453
Starting tick #454
Starting tick #455
Starting tick #456
Starting tick #457
Starting tick #458
Starting tick #459
Starting tick #460
Starting tick #461
Starting tick #462
Starting tick #463
Starting tick #464
Starting tick #465
Starting tick #466
Starting tick #467
Starting tick #468
Starting tick #469
Starting tick #470
Starting tick #471
Starting tick #472
Starting tick #473
Starting tick #474
Starting tick #475
Starting tick #476
Starting tick #477
Starting tick #478
Starting tick #479
Starting tick #480
Starting tick #481
Starting tick #482
Starting tick #483
Starting tick #484
Starting tick #485
Starting tick #486
Starting tick #487
Starting tick #488
Starting tick #489
Starting tick #490
Starting tick #491
Starting tick #492
Starting tick #493
Starting tick #494
Starting tick #495
Starting tick #496
Starting tick #497
Starting tick #498
Starting tick #499
Starting tick #500
Starting tick #501
Starting tick #502
Starting tick #503
Starting tick #504
Starting tick #505
Starting tick #506
Starting tick #507
Starting tick #508
Starting tick #509
Starting tick #510
Starting tick #511
Starting tick #512
Starting tick #513
Starting tick #514
Starting tick #515
Starting tick #516
Starting tick #517
Starting tick #518
Starting tick #519
Starting tick #520
Starting tick #521
Starting tick #522
Starting tick #523
Starting tick #524
Starting tick #525
Starting tick #526
Starting tick #527
Starting tick #528
Starting tick #529
Starting tick #530
Starting tick #531
Starting tick #532
Starting tick #533
Starting tick #534
Starting tick #535
Starting tick #536
Starting tick #537
Starting tick #538
Starting tick #539
Starting tick #540
Starting tick #541
Starting tick #542
Starting tick #543
Starting tick #544
Starting tick #545
Starting tick #546
Starting tick #547
Starting tick #548
Starting tick #549
Starting tick #550
Starting tick #551
Starting tick #552
Starting tick #553
Starting tick #554
Starting tick #555
Starting tick #556
Starting tick #557
Starting tick #558
Starting tick #559
Starting tick #560
Starting tick #561
Starting tick #562
Starting tick #563
Starting tick #564
Starting tick #565
Starting tick #566
Starting tick #567
Starting tick #568
Starting tick #569
Starting tick #570
Starting tick #571
Starting tick #572
Starting tick #573
Starting tick #574
Starting tick #575
Starting tick #576
Starting tick #577
Starting tick #578
Starting tick #579
Starting tick #580
Starting tick #581
Starting tick #582
Starting tick #583
Starting tick #584
Starting tick #585
Starting tick #586
Starting tick #587
Starting tick #588
Starting tick #589
Starting tick #590
Starting tick #591
Starting tick #592
Starting tick #593
Starting tick #594
Starting tick #595
Starting tick #596
Starting tick #597
Starting tick #598
Starting tick #599
Starting tick #600
Starting tick #601
Starting tick #602
Starting tick #603
Starting tick #604
Starting tick #605
Starting tick #606
Starting tick #607
Starting tick #608
Starting tick #609
Starting tick #610
Starting tick #611
Starting tick #612
Starting tick #613
Starting tick #614
Starting tick #615
Starting tick #616
Starting tick #617
Starting tick #618
Starting tick #619
Starting tick #620
Starting tick #621
Starting tick #622
Starting tick #623
Starting tick #624
Starting tick #625
Starting tick #626
Starting tick #627
Starting tick #628
Starting tick #629
Starting tick #630
Starting tick #631
Starting tick #632
Starting tick #633
Starting tick #634
Starting tick #635
Starting tick #636
Starting tick #637
Starting tick #638
Starting tick #639
Starting tick #640
Starting tick #641
Starting tick #642
Starting tick #643
Starting tick #644
Starting tick #645
Starting tick #646
Starting tick #647
Starting tick #648
Starting tick #649
Starting tick #650
Starting tick #651
Starting tick #652
Starting tick #653
Starting tick #654
Starting tick #655
Starting tick #656
Starting tick #657
Starting tick #658
Starting tick #659
Starting tick #660
Starting tick #661
Starting tick #662
Starting tick #663
Starting tick #664
Starting tick #665
Starting tick #666
Starting tick #667
Starting tick #668
Starting tick #669
Starting tick #670
Starting tick #671
Starting tick #672
Starting tick #673
Starting tick #674
Starting tick #675
Starting tick #676
Starting tick #677
Starting tick #678
Starting tick #679
Starting tick #680
Starting tick #681
Starting tick #682
Starting tick #683
Starting tick #684
Starting tick #685
Starting tick #686
Starting tick #687
Starting tick #688
Starting tick #689
Starting tick #690
Starting tick #691
Starting tick #692
Starting tick #693
Starting tick #694
Starting tick #695
Starting tick #696
Starting tick #697
Starting tick #698
Starting tick #699
Starting tick #700
Starting tick #701
Starting tick #702
Starting tick #703
Starting tick #704
Starting tick #705
Starting tick #706
Starting tick #707
Starting tick #708
Starting tick #709
Starting tick #710
Starting tick #711
Starting tick #712
Starting tick #713
Starting tick #714
Starting tick #715
Starting tick #716
Starting tick #717
Starting tick #718
Starting tick #719
Starting tick #720
Starting tick #721
Starting tick #722
Starting tick #723
Starting tick #724
Starting tick #725
Starting tick #726
Starting tick #727
Starting tick #728
Starting tick #729
Starting tick #730
Starting tick #731
Starting tick #732
Starting tick #733
Starting tick #734
Starting tick #735
Starting tick #736
Starting tick #737
Starting tick #738
Starting tick #739
Starting tick #740
Starting tick #741
Starting tick #742
Starting tick #743
Starting tick #744
Starting tick #745
Starting tick #746
Starting tick #747
Starting tick #748
Starting tick #749
Starting tick #750
Starting tick #751
Starting tick #752
Starting tick #753
Starting tick #754
Starting tick #755
Starting tick #756
Starting tick #757
Starting tick #758
Starting tick #759
Starting tick #760
Starting tick #761
Starting tick #762
Starting tick #763
Starting tick #764
Starting tick #765
Starting tick #766
Starting tick #767
Starting tick #768
Starting tick #769
Starting tick #770
Starting tick #771
Starting tick #772
Starting tick #773
Starting tick #774
Starting tick #775
Starting tick #776
Starting tick #777
Starting tick #778
Starting tick #779
Starting tick #780
Starting tick #781
Starting tick #782
Starting tick #783
Starting tick #784
Starting tick #785
Starting tick #786
Starting tick #787
Starting tick #788
Starting tick #789
Starting tick #790
Starting tick #791
Starting tick #792
Starting tick #793
Starting tick #794
Starting tick #795
Starting tick #796
Starting tick #797
Starting tick #798
Starting tick #799
Starting tick #800
Starting tick #801
Starting tick #802
Starting tick #803
Starting tick #804
Starting tick #805
Starting tick #806
Starting tick #807
Starting tick #808
Starting tick #809
Starting tick #810
Starting tick #811
Starting tick #812
Starting tick #813
Starting tick #814
Starting tick #815
Starting tick #816
Starting tick #817
Starting tick #818
Starting tick #819
Starting tick #820
Starting tick #821
Starting tick #822
Starting tick #823
Starting tick #824
Starting tick #825
Starting tick #826
Starting tick #827
Starting tick #828
Starting tick #829
Starting tick #830
Starting tick #831
Starting tick #832
Starting tick #833
Starting tick #834
Starting tick #835
Starting tick #836
Starting tick #837
Starting tick #838
Starting tick #839
Starting tick #840
Starting tick #841
Starting tick #842
Starting tick #843
Starting tick #844
Starting tick #845
Starting tick #846
Starting tick #847
Starting tick #848
Starting tick #849
Starting tick #850
Starting tick #851
Starting tick #852
Starting tick #853
Starting tick #854
Starting tick #855
Starting tick #856
Starting tick #857
Starting tick #858
Starting tick #859
Starting tick #860
Starting tick #861
Starting tick #862
Starting tick #863
Starting tick #864
Starting tick #865
Starting tick #866
Starting tick #867
Starting tick #868
Starting tick #869
Starting tick #870
Starting tick #871
Starting tick #872
Starting tick #873
Starting tick #874
Starting tick #875
Starting tick #876
Starting tick #877
Starting tick #878
Starting tick #879
Starting tick #880
Starting tick #881
Starting tick #882
Starting tick #883
Starting tick #884
Starting tick #885
Starting tick #886
Starting tick #887
Starting tick #888
Starting tick #889
Starting tick #890
Starting tick #891
Starting tick #892
Starting tick #893
Starting tick #894
Starting tick #895
Starting tick #896
Starting tick #897
Starting tick #898
Starting tick #899
Starting tick #900
Starting tick #901
Starting tick #902
Starting tick #903
Starting tick #904
Starting tick #905
Starting tick #906
Starting tick #907
Starting tick #908
Starting tick #909
Starting tick #910
Starting tick #911
Starting tick #912
Starting tick #913
Starting tick #914
Starting tick #915
Starting tick #916
Starting tick #917
Starting tick #918
Starting tick #919
Starting tick #920
Starting tick #921
Starting tick #922
Starting tick #923
Starting tick #924
Starting tick #925
Starting tick #926
Starting tick #927
Starting tick #928
Starting tick #929
Starting tick #930
Starting tick #931
Starting tick #932
Starting tick #933
Starting tick #934
Starting tick #935
Starting tick #936
Starting tick #937
Starting tick #938
Starting tick #939
Starting tick #940
Starting tick #941
Starting tick #942
Starting tick #943
Starting tick #944
Starting tick #945
Starting tick #946
Starting tick #947
Starting tick #948
Starting tick #949
Starting tick #950
Starting tick #951
Starting tick #952
Starting tick #953
Starting tick #954
Starting tick #955
Starting tick #956
Starting tick #957
Starting tick #958
Starting tick #959
Starting tick #960
Starting tick #961
Starting tick #962
Starting tick #963
Starting tick #964
Starting tick #965
Starting tick #966
Starting tick #967
Starting tick #968
Starting tick #969
Starting tick #970
Starting tick #971
Starting tick #972
Starting tick #973
Starting tick #974
Starting tick #975
Starting tick #976
Starting tick #977
Starting tick #978
Starting tick #979
Starting tick #980
Starting tick #981
Starting tick #982
Starting tick #983
Starting tick #984
Starting tick #985
Starting tick #986
Starting tick #987
Starting tick #988
Starting tick #989
Starting tick #990
Starting tick #991
Starting tick #992
Starting tick #993
Starting tick #994
Starting tick #995
Starting tick #996
Starting tick #997
Starting tick #998
Starting tick #999
Starting tick #1000
Call from fff a gold member
Answering call from fff
Starting tick #1001
Starting tick #1002
Starting tick #1003
Starting tick #1004
Starting tick #1005
Starting tick #1006
Starting tick #1007
Starting tick #1008
Starting tick #1009
Starting tick #1010
Starting tick #1011
Starting tick #1012
Starting tick #1013
Starting tick #1014
Starting tick #1015
Starting tick #1016
Starting tick #1017
Starting tick #1018
Starting tick #1019
Starting tick #1020
Starting tick #1021
Starting tick #1022
Starting tick #1023
Starting tick #1024
Call from ggg a regular member
Starting tick #1025
Starting tick #1026
Starting tick #1027
Starting tick #1028
Starting tick #1029
Starting tick #1030
Starting tick #1031
Starting tick #1032
Starting tick #1033
Starting tick #1034
Starting tick #1035
Starting tick #1036
Starting tick #1037
Starting tick #1038
Starting tick #1039
Starting tick #1040
Starting tick #1041
Starting tick #1042
Starting tick #1043
Starting tick #1044
Starting tick #1045
Starting tick #1046
Starting tick #1047
Starting tick #1048
Starting tick #1049
Starting tick #1050
Starting tick #1051
Starting tick #1052
Starting tick #1053
Starting tick #1054
Starting tick #1055
Starting tick #1056
Starting tick #1057
Starting tick #1058
Starting tick #1059
Starting tick #1060
Answering call from ggg
Starting tick #1061
Starting tick #1062
Starting tick #1063
Starting tick #1064
Starting tick #1065
Starting tick #1066
Starting tick #1067
Starting tick #1068
Starting tick #1069
Starting tick #1070
Starting tick #1071
Starting tick #1072
Starting tick #1073
Starting tick #1074
Starting tick #1075
Starting tick #1076
Starting tick #1077
Starting tick #1078
Starting tick #1079
Starting tick #1080
Starting tick #1081
Starting tick #1082
Starting tick #1083
Starting tick #1084
Starting tick #1085
Starting tick #1086
Starting tick #1087
Starting tick #1088
Starting tick #1089
Starting tick #1090
Starting tick #1091
Starting tick #1092
Starting tick #1093
Starting tick #1094
Starting tick #1095
Starting tick #1096
Starting tick #1097
Starting tick #1098
Starting tick #1099
Starting tick #1100
Starting tick #1101
Starting tick #1102
Starting tick #1103
Starting tick #1104
Starting tick #1105
Starting tick #1106
Starting tick #1107
Starting tick #1108
Starting tick #1109
Starting tick #1110
Starting tick #1111
Starting tick #1112
Starting tick #1113
Starting tick #1114
Starting tick #1115
Starting tick #1116
Starting tick #1117
Starting tick #1118
Starting tick #1119
Starting tick #1120
Starting tick #1121
Starting tick #1122
Starting tick #1123
Starting tick #1124
Starting tick #1125
Starting tick #1126
Starting tick #1127
Starting tick #1128
Starting tick #1129
Starting tick #1130
